<?xml version="1.0" encoding="UTF-8"?>
<!-- Generated by org.testng.reporters.JUnitReportReporter -->
<testsuite hostname="LTIN276086" failures="0" tests="11" name="com.orange.hrm.test.Pages.UserLandingPageTest" time="0.650" errors="0" timestamp="2022-03-26T11:06:41 IST" skipped="0">
  <testcase classname="com.orange.hrm.test.Pages.UserLandingPageTest" name="checktitleIsDisplayed" time="0.086"/>
  <system-out/>
  <testcase classname="com.orange.hrm.test.Pages.UserLandingPageTest" name="checkUserNameIsDisplayed" time="0.067"/>
  <system-out/>
  <testcase classname="com.orange.hrm.test.Pages.UserLandingPageTest" name="checkadminMenuDisplayed" time="0.066"/>
  <system-out/>
  <testcase classname="com.orange.hrm.test.Pages.UserLandingPageTest" name="checkpimMenuDisplyed" time="0.056"/>
  <system-out/>
  <testcase classname="com.orange.hrm.test.Pages.UserLandingPageTest" name="checkTimeMenuIsDisplayed" time="0.064"/>
  <system-out/>
  <testcase classname="com.orange.hrm.test.Pages.UserLandingPageTest" name="checkrecrutmentMenuIsDisplayed" time="0.060"/>
  <system-out/>
  <testcase classname="com.orange.hrm.test.Pages.UserLandingPageTest" name="checkmyInfoMenuDisplyed" time="0.050"/>
  <system-out/>
  <testcase classname="com.orange.hrm.test.Pages.UserLandingPageTest" name="checkperformanceMenuIsDisplayed" time="0.050"/>
  <system-out/>
  <testcase classname="com.orange.hrm.test.Pages.UserLandingPageTest" name="checkdirectoryMenuIsDisplayed" time="0.052"/>
  <system-out/>
  <testcase classname="com.orange.hrm.test.Pages.UserLandingPageTest" name="checkmaintanceMenuIsDisplayed" time="0.049"/>
  <system-out/>
  <testcase classname="com.orange.hrm.test.Pages.UserLandingPageTest" name="checkbuzzMenuIsDisplayed" time="0.050"/>
  <system-out/>
</testsuite> <!-- com.orange.hrm.test.Pages.UserLandingPageTest -->
