<?xml version="1.0" encoding="UTF-8"?>
<!-- Generated by org.testng.reporters.JUnitReportReporter -->
<testsuite hostname="LTIN276086" failures="0" tests="9" name="com.orange.hrm.test.Pages.LoginPageTest" time="16.365" errors="0" timestamp="2022-03-26T11:06:41 IST" skipped="0">
  <testcase classname="com.orange.hrm.test.Pages.LoginPageTest" name="checkUserIsOnOrangeHRM" time="11.929"/>
  <system-out/>
  <testcase classname="com.orange.hrm.test.Pages.LoginPageTest" name="checkUserNameInputIsDisplayed" time="0.016"/>
  <system-out/>
  <testcase classname="com.orange.hrm.test.Pages.LoginPageTest" name="checkUserNameInputIsClickable" time="0.127"/>
  <system-out/>
  <testcase classname="com.orange.hrm.test.Pages.LoginPageTest" name="checkUserNameInputIsWritable" time="0.099"/>
  <system-out/>
  <testcase classname="com.orange.hrm.test.Pages.LoginPageTest" name="checkUserPasswordInputIsDisplayed" time="0.134"/>
  <system-out/>
  <testcase classname="com.orange.hrm.test.Pages.LoginPageTest" name="checkUserPasswordInputIsClickable" time="0.123"/>
  <system-out/>
  <testcase classname="com.orange.hrm.test.Pages.LoginPageTest" name="checkUserPasswordInputIsWritable" time="0.102"/>
  <system-out/>
  <testcase classname="com.orange.hrm.test.Pages.LoginPageTest" name="checkLoginBtnIsDisplayed" time="0.070"/>
  <system-out/>
  <testcase classname="com.orange.hrm.test.Pages.LoginPageTest" name="checkLoginBtnIsClickable" time="3.765"/>
  <system-out/>
</testsuite> <!-- com.orange.hrm.test.Pages.LoginPageTest -->
