<?xml version="1.0" encoding="UTF-8"?>
<!-- Generated by org.testng.reporters.JUnitReportReporter -->
<testsuite hostname="LTIN276086" failures="0" tests="9" name="com.page.object.model.LoginPageTestClass" time="22.056" errors="0" timestamp="2022-03-25T15:58:15 IST" skipped="0">
  <testcase classname="com.page.object.model.LoginPageTestClass" name="checkUserIsOnOrangeHRM" time="18.922"/>
  <system-out/>
  <testcase classname="com.page.object.model.LoginPageTestClass" name="checkUserNameInputIsDisplayed" time="0.024"/>
  <system-out/>
  <testcase classname="com.page.object.model.LoginPageTestClass" name="checkUserNameInputIsClickable" time="0.280"/>
  <system-out/>
  <testcase classname="com.page.object.model.LoginPageTestClass" name="checkUserNameInputIsWritable" time="0.233"/>
  <system-out/>
  <testcase classname="com.page.object.model.LoginPageTestClass" name="checkUserPasswordInputIsDisplayed" time="0.270"/>
  <system-out/>
  <testcase classname="com.page.object.model.LoginPageTestClass" name="checkUserPasswordInputIsClickable" time="0.212"/>
  <system-out/>
  <testcase classname="com.page.object.model.LoginPageTestClass" name="checkUserPasswordInputIsWritable" time="0.160"/>
  <system-out/>
  <testcase classname="com.page.object.model.LoginPageTestClass" name="checkLoginBtnIsDisplayed" time="0.153"/>
  <system-out/>
  <testcase classname="com.page.object.model.LoginPageTestClass" name="checkLoginBtnIsClickable" time="1.802"/>
  <system-out/>
</testsuite> <!-- com.page.object.model.LoginPageTestClass -->
